2018-07-05 22:47:59,422 INFO Markowitz_model: mean_var is {'mean': array([ 0.42759557,  0.05843199, -0.15718657,  0.47584078,  0.20581641,
       -0.06706057, -0.06324045, -0.15829804, -0.04364325,  0.00945449,
       -0.09671176, -0.01367994, -0.06910512, -0.12733496, -0.19613184]), 'cov': array([[ 1.63355960e-02,  1.15868497e-02,  8.14053241e-03,
         6.14429385e-03,  1.70187985e-03, -3.57917232e-03,
        -2.12866435e-03,  8.26450119e-04, -1.08162116e-03,
        -2.90650529e-04, -1.44973358e-04, -4.03113691e-04,
        -8.31788690e-04,  1.11324140e-03,  1.55111529e-03],
       [ 1.15868497e-02,  1.89511581e-02,  8.76333634e-03,
         7.41227919e-03,  5.52516283e-04, -7.38305894e-03,
        -4.00552369e-03,  3.30085689e-04, -1.91725939e-03,
        -4.72067331e-04, -1.90695667e-03, -1.00349373e-03,
        -2.28180924e-03,  1.29838543e-03,  4.65001632e-04],
       [ 8.14053241e-03,  8.76333634e-03,  3.61818883e-02,
         8.34733884e-03,  7.78440402e-04, -4.58043033e-03,
        -2.32537199e-03,  1.85459920e-04, -1.41915560e-03,
        -4.47057319e-04, -6.30403322e-04, -5.05171064e-04,
        -9.36131410e-04,  1.12033947e-03,  3.65617602e-04],
       [ 6.14429385e-03,  7.41227919e-03,  8.34733884e-03,
         1.17648372e-02,  1.61895098e-03, -2.95302106e-03,
        -1.47198939e-03, -2.45042640e-04, -2.85224520e-04,
        -2.78169332e-05, -6.22775856e-04, -2.44551914e-04,
        -8.35032693e-04,  2.68967141e-04,  6.93193783e-04],
       [ 1.70187985e-03,  5.52516283e-04,  7.78440402e-04,
         1.61895098e-03,  3.68433759e-03,  3.38317723e-04,
         3.43727300e-04, -1.35241128e-04,  2.93352743e-04,
         8.55106019e-05,  2.61119209e-04,  2.81359985e-04,
         3.08179341e-04,  1.00415199e-04,  2.64170130e-04],
       [-3.57917232e-03, -7.38305894e-03, -4.58043033e-03,
        -2.95302106e-03,  3.38317723e-04,  1.09143324e-02,
         4.86209580e-03,  2.39208817e-03,  3.45562511e-03,
         7.19928649e-04,  4.25621566e-03,  1.38317335e-03,
         3.33786228e-03,  5.95666907e-04,  2.60212705e-03],
       [-2.12866435e-03, -4.00552369e-03, -2.32537199e-03,
        -1.47198939e-03,  3.43727300e-04,  4.86209580e-03,
         2.35310889e-03,  9.77617106e-04,  1.60961592e-03,
         3.71239853e-04,  1.94314542e-03,  7.20288406e-04,
         1.62300951e-03,  2.67944947e-04,  1.10599893e-03],
       [ 8.26450119e-04,  3.30085689e-04,  1.85459920e-04,
        -2.45042640e-04, -1.35241128e-04,  2.39208817e-03,
         9.77617106e-04,  2.64783477e-03,  8.21014550e-04,
         9.29413932e-05,  1.38989370e-03,  3.45207115e-04,
         9.27706617e-04,  1.08022961e-03,  2.84434910e-03],
       [-1.08162116e-03, -1.91725939e-03, -1.41915560e-03,
        -2.85224520e-04,  2.93352743e-04,  3.45562511e-03,
         1.60961592e-03,  8.21014550e-04,  1.46288065e-03,
         3.33218267e-04,  1.47092925e-03,  5.35173605e-04,
         1.19157507e-03,  3.19962791e-04,  9.71440108e-04],
       [-2.90650529e-04, -4.72067331e-04, -4.47057319e-04,
        -2.78169332e-05,  8.55106019e-05,  7.19928649e-04,
         3.71239853e-04,  9.29413932e-05,  3.33218267e-04,
         1.02058878e-04,  3.00424722e-04,  1.35844207e-04,
         2.69638026e-04,  7.53910530e-05,  1.33531083e-04],
       [-1.44973358e-04, -1.90695667e-03, -6.30403322e-04,
        -6.22775856e-04,  2.61119209e-04,  4.25621566e-03,
         1.94314542e-03,  1.38989370e-03,  1.47092925e-03,
         3.00424722e-04,  2.10425114e-03,  6.29536056e-04,
         1.58186303e-03,  5.10214749e-04,  1.63385419e-03],
       [-4.03113691e-04, -1.00349373e-03, -5.05171064e-04,
        -2.44551914e-04,  2.81359985e-04,  1.38317335e-03,
         7.20288406e-04,  3.45207115e-04,  5.35173605e-04,
         1.35844207e-04,  6.29536056e-04,  3.12164801e-04,
         5.33263486e-04,  2.34361530e-04,  4.20970935e-04],
       [-8.31788690e-04, -2.28180924e-03, -9.36131410e-04,
        -8.35032693e-04,  3.08179341e-04,  3.33786228e-03,
         1.62300951e-03,  9.27706617e-04,  1.19157507e-03,
         2.69638026e-04,  1.58186303e-03,  5.33263486e-04,
         1.30671423e-03,  3.47398515e-04,  1.08378915e-03],
       [ 1.11324140e-03,  1.29838543e-03,  1.12033947e-03,
         2.68967141e-04,  1.00415199e-04,  5.95666907e-04,
         2.67944947e-04,  1.08022961e-03,  3.19962791e-04,
         7.53910530e-05,  5.10214749e-04,  2.34361530e-04,
         3.47398515e-04,  2.55255028e-03,  1.36125086e-03],
       [ 1.55111529e-03,  4.65001632e-04,  3.65617602e-04,
         6.93193783e-04,  2.64170130e-04,  2.60212705e-03,
         1.10599893e-03,  2.84434910e-03,  9.71440108e-04,
         1.33531083e-04,  1.63385419e-03,  4.20970935e-04,
         1.08378915e-03,  1.36125086e-03,  3.51452281e-03]]), 'var': array([0.0163356 , 0.01895116, 0.03618189, 0.01176484, 0.00368434,
       0.01091433, 0.00235311, 0.00264783, 0.00146288, 0.00010206,
       0.00210425, 0.00031216, 0.00130671, 0.00255255, 0.00351452]), 'std': array([0.12781078, 0.13766321, 0.19021537, 0.10846583, 0.06069874,
       0.10447168, 0.04850885, 0.05145712, 0.03824762, 0.01010242,
       0.04587212, 0.01766819, 0.0361485 , 0.05052277, 0.05928341])}
2018-07-05 22:47:59,588 INFO solve_frontier finished!
2018-07-05 22:47:59,745 INFO efficient_frontier finished!
2018-07-05 22:47:59,756 INFO solve_weights finished!
2018-07-05 22:47:59,825 INFO Could not load matplotlib icon: can't use "pyimage10" as iconphoto: not a photo image
2018-07-05 22:47:59,854 INFO efficient_frontier finished!
2018-07-05 22:47:59,951 INFO Markowitz_model: tangent_weights is [3.70588551e-02 8.46640895e-12 6.73507892e-07 3.81269831e-02
 4.04177319e-02 7.59871730e-07 9.50463421e-08 1.61394169e-07
 1.66031888e-07 8.84393874e-01 3.74869363e-07 4.33869084e-11
 5.91810782e-08 1.02680536e-07 7.05246928e-07]
2018-07-05 22:47:59,957 INFO Markowitz_model: weights is {'SPY': 0.037058855082186246, 'FEZ': 8.466408947239484e-12, 'ASHR': 6.735078924970853e-07, 'DBC': 0.03812698310091192, 'DBV': 0.04041773187809097, 'TLT': 7.598717297388901e-07, 'IEF': 9.504634207125612e-08, 'VWOB': 1.61394169091701e-07, 'TIP': 1.6603188789504148e-07, 'VTIP': 0.8843938738045846, 'LQD': 3.7486936295301634e-07, 'VCSH': 4.3386908441170405e-11, 'VCIT': 5.918107824168481e-08, 'CEMB': 1.0268053617288848e-07, 'EMB': 7.052469276073416e-07}
2018-07-05 22:47:59,960 INFO Markowitz_model: sum of weights is 1.0000005417475535
2018-07-05 22:47:59,964 INFO Markowitz_model finished successfully
2018-07-05 22:48:00,033 INFO solve_weights finished!
2018-07-05 22:48:00,056 INFO solve_weights finished!
2018-07-05 22:48:00,057 INFO BlackLitterman_model: weights: weights is {'SPY': 0.035673163189897314, 'FEZ': 0.008745855555733487, 'ASHR': 0.014737456691217222, 'DBC': 2.8743089993624876e-13, 'DBV': 0.013276120037266683, 'TLT': 4.143171523297482e-11, 'IEF': 7.77298676778984e-12, 'VWOB': 0.0436189148170406, 'TIP': 3.717870460517717e-11, 'VTIP': 0.8839484896274719, 'LQD': 1.3459693129402243e-11, 'VCSH': 0.0, 'VCIT': 1.4564618776093954e-11, 'CEMB': 0.0, 'EMB': 0.0}
2018-07-05 22:48:00,059 INFO BlackLitterman_model: sum of weights is 1.0000000000333222
2018-07-05 22:48:00,061 INFO BlackLitterman_model finished successfully!
2018-07-05 22:48:00,089 INFO solve_weights_assetinclass finished successfully!
2018-07-05 22:48:00,090 INFO W_assetinclass is {'Equity': {'SPY': 0.4322512144402556, 'FEZ': 0.37259365281317, 'ASHR': 0.19515513274657456}, 'Commodity': {'DBC': 0.2384811904757649, 'DBV': 0.7615188095242351}, 'Nominal Bond': {'TLT': 0.10245644897222587, 'IEF': 0.4752197150483361, 'VWOB': 0.42232383597943807}, 'IL Bond': {'TIP': 0.06521586095582385, 'VTIP': 0.9347841390441761}, 'Corporate Credit': {'LQD': 0.10693846982078513, 'VCSH': 0.720854484749177, 'VCIT': 0.17220704543003781}, 'EM Credit': {'CEMB': 0.579278139277055, 'EMB': 0.4207218607229449}}
2018-07-05 22:48:00,093 INFO solve_weights_box finished successfully!
2018-07-05 22:48:00,098 INFO W_box is {'GR': {'Equity': 0.008189387104325497, 'Commodity': 0.030915324820009537, 'EM Credit': 0.05171138060489493, 'Corporate Credit': 0.90918390747077}, 'GF': {'Nominal Bond': 0.20942200316349105, 'IL Bond': 0.7905779968365091}, 'IR': {'IL Bond': 0.09017550608323815, 'Commodity': 0.34041681335341717, 'EM Credit': 0.5694076805633446}, 'IF': {'Nominal Bond': 0.7905779968365091, 'Equity': 0.20942200316349105}}
2018-07-05 22:48:00,100 INFO solve_weights_env finished successfully!
2018-07-05 22:48:00,103 INFO W_env is {'GR': 0.3609536280955542, 'GF': 0.47102738829756097, 'IR': 0.11131017381444513, 'IF': 0.056708809792439585}
2018-07-05 22:48:00,105 INFO W_assetclass is {'Equity': 0.014832061530935328, 'Commodity': 0.04905085332126337, 'Nominal Bond': 0.14347623645083224, 'IL Bond': 0.3824213403513491, 'EM Credit': 0.08204627833795283, 'Corporate Credit': 0.32817323000766707}
2018-07-05 22:48:00,107 INFO solve_weights_asset finished successfully!
2018-07-05 22:48:00,109 INFO W_asset is {'SPY': 0.006411176609399392, 'FEZ': 0.005526331984560892, 'ASHR': 0.0028945529369750456, 'DBC': 0.011697705893907015, 'DBV': 0.037353147427356355, 'TLT': 0.014700065698651708, 'IEF': 0.0681827362023722, 'VWOB': 0.060593434549808346, 'TIP': 0.024939936958893374, 'VTIP': 0.3574814033924557, 'LQD': 0.03509434305316448, 'VCSH': 0.23656514462565, 'VCIT': 0.05651374232885257, 'CEMB': 0.04752761545021666, 'EMB': 0.03451866288773616}
2018-07-05 22:48:00,110 INFO RiskParity_model: weights is {'SPY': 0.006411176609399392, 'FEZ': 0.005526331984560892, 'ASHR': 0.0028945529369750456, 'DBC': 0.011697705893907015, 'DBV': 0.037353147427356355, 'TLT': 0.014700065698651708, 'IEF': 0.0681827362023722, 'VWOB': 0.060593434549808346, 'TIP': 0.024939936958893374, 'VTIP': 0.3574814033924557, 'LQD': 0.03509434305316448, 'VCSH': 0.23656514462565, 'VCIT': 0.05651374232885257, 'CEMB': 0.04752761545021666, 'EMB': 0.03451866288773616}
2018-07-05 22:48:00,116 INFO RiskParity_model: sum of weights is 1.0
2018-07-05 22:48:00,118 INFO RiskParity_model finished successfully
2018-07-05 22:48:00,401 INFO weights are respectively {'Markowitz': {'SPY': 0.037058855082186246, 'FEZ': 8.466408947239484e-12, 'ASHR': 6.735078924970853e-07, 'DBC': 0.03812698310091192, 'DBV': 0.04041773187809097, 'TLT': 7.598717297388901e-07, 'IEF': 9.504634207125612e-08, 'VWOB': 1.61394169091701e-07, 'TIP': 1.6603188789504148e-07, 'VTIP': 0.8843938738045846, 'LQD': 3.7486936295301634e-07, 'VCSH': 4.3386908441170405e-11, 'VCIT': 5.918107824168481e-08, 'CEMB': 1.0268053617288848e-07, 'EMB': 7.052469276073416e-07}, 'Black Litterman': {'SPY': 0.035673163189897314, 'FEZ': 0.008745855555733487, 'ASHR': 0.014737456691217222, 'DBC': 2.8743089993624876e-13, 'DBV': 0.013276120037266683, 'TLT': 4.143171523297482e-11, 'IEF': 7.77298676778984e-12, 'VWOB': 0.0436189148170406, 'TIP': 3.717870460517717e-11, 'VTIP': 0.8839484896274719, 'LQD': 1.3459693129402243e-11, 'VCSH': 0.0, 'VCIT': 1.4564618776093954e-11, 'CEMB': 0.0, 'EMB': 0.0}, 'Risk Parity': {'SPY': 0.006411176609399392, 'FEZ': 0.005526331984560892, 'ASHR': 0.0028945529369750456, 'DBC': 0.011697705893907015, 'DBV': 0.037353147427356355, 'TLT': 0.014700065698651708, 'IEF': 0.0681827362023722, 'VWOB': 0.060593434549808346, 'TIP': 0.024939936958893374, 'VTIP': 0.3574814033924557, 'LQD': 0.03509434305316448, 'VCSH': 0.23656514462565, 'VCIT': 0.05651374232885257, 'CEMB': 0.04752761545021666, 'EMB': 0.03451866288773616}}
2018-07-05 22:48:00,403 INFO training session finished successfully!
2018-07-05 22:48:07,527 INFO backtesting: Backtesting finished successfully
2018-07-05 22:48:07,528 INFO testing session finished successfully!
2018-07-05 22:48:25,832 ERROR Illegal method Error message: 'bool' object is not callable
2018-07-05 22:48:25,833 ERROR Illegal method Error message: name 'ontext' is not defined
2018-07-05 22:48:25,858 INFO Markowitz_model: mean_var is {'mean': array([ 0.12808864,  0.01454655,  0.16150564,  0.23539389,  0.01855673,
       -0.02554045, -0.04588165, -0.05709891, -0.01965279, -0.0092071 ,
       -0.0398426 , -0.02321834, -0.04454993, -0.04329854, -0.06074759]), 'cov': array([[ 1.48477199e-02,  1.21831807e-02,  1.05773900e-02,
         3.81377984e-03, -1.40348289e-04, -2.29349232e-03,
        -1.49996998e-03,  1.65352799e-03, -6.60082560e-04,
        -1.83466870e-04,  4.28029730e-04, -1.54004718e-04,
        -2.32291143e-04,  1.41320694e-03,  2.41336598e-03],
       [ 1.21831807e-02,  1.62598596e-02,  1.06481044e-02,
         4.38381049e-03, -1.47967654e-03, -2.42965919e-03,
        -1.57672898e-03,  1.70576607e-03, -5.51953643e-04,
        -1.45247790e-04,  2.49733424e-04, -2.39876506e-04,
        -3.37884372e-04,  1.34724562e-03,  2.41367381e-03],
       [ 1.05773900e-02,  1.06481044e-02,  3.37873877e-02,
         6.47116326e-03, -8.29749383e-04, -1.28063860e-03,
        -8.12838862e-04,  1.69572964e-03,  4.08883337e-05,
        -2.16611841e-05,  6.99276951e-04, -5.41127013e-05,
         2.81456903e-04,  1.81066278e-03,  2.32369151e-03],
       [ 3.81377984e-03,  4.38381049e-03,  6.47116326e-03,
         1.36716453e-02,  9.05025672e-04, -1.19040308e-03,
        -4.87406760e-04,  4.70146792e-04,  1.66217850e-04,
         1.66304487e-04, -1.59557938e-04, -1.62971562e-06,
        -1.81481223e-04,  6.21650502e-04,  8.03174149e-04],
       [-1.40348289e-04, -1.47967654e-03, -8.29749383e-04,
         9.05025672e-04,  2.00923972e-02,  1.46207340e-03,
         9.89098820e-04, -3.25543343e-05,  2.87622219e-04,
         2.79495387e-05,  5.39448885e-04,  2.29025313e-04,
         5.44344489e-04,  5.68277396e-04,  1.14348296e-04],
       [-2.29349232e-03, -2.42965919e-03, -1.28063860e-03,
        -1.19040308e-03,  1.46207340e-03,  9.12020638e-03,
         3.53488568e-03,  1.63728922e-03,  2.59387215e-03,
         4.65556624e-04,  3.35510502e-03,  7.76726289e-04,
         2.45732251e-03,  5.49823441e-04,  1.80722847e-03],
       [-1.49996998e-03, -1.57672898e-03, -8.12838862e-04,
        -4.87406760e-04,  9.89098820e-04,  3.53488568e-03,
         1.61257355e-03,  6.63072254e-04,  1.13946290e-03,
         2.62000138e-04,  1.36192946e-03,  4.10849379e-04,
         1.11471246e-03,  2.48644794e-04,  7.28131362e-04],
       [ 1.65352799e-03,  1.70576607e-03,  1.69572964e-03,
         4.70146792e-04, -3.25543343e-05,  1.63728922e-03,
         6.63072254e-04,  1.61548294e-03,  5.71440536e-04,
         1.45601370e-04,  1.04451558e-03,  2.81448822e-04,
         7.27318994e-04,  7.50113849e-04,  1.74678016e-03],
       [-6.60082560e-04, -5.51953643e-04,  4.08883337e-05,
         1.66217850e-04,  2.87622219e-04,  2.59387215e-03,
         1.13946290e-03,  5.71440536e-04,  1.08748885e-03,
         2.68375757e-04,  1.03810274e-03,  3.11683866e-04,
         8.33241891e-04,  2.41375459e-04,  6.86767174e-04],
       [-1.83466870e-04, -1.45247790e-04, -2.16611841e-05,
         1.66304487e-04,  2.79495387e-05,  4.65556624e-04,
         2.62000138e-04,  1.45601370e-04,  2.68375757e-04,
         3.28026964e-04,  1.86127407e-04,  1.15810255e-04,
         2.10408519e-04,  3.96162179e-05,  1.26627048e-04],
       [ 4.28029730e-04,  2.49733424e-04,  6.99276951e-04,
        -1.59557938e-04,  5.39448885e-04,  3.35510502e-03,
         1.36192946e-03,  1.04451558e-03,  1.03810274e-03,
         1.86127407e-04,  1.74164843e-03,  4.04549557e-04,
         1.21126013e-03,  5.32119297e-04,  1.23203704e-03],
       [-1.54004718e-04, -2.39876506e-04, -5.41127013e-05,
        -1.62971562e-06,  2.29025313e-04,  7.76726289e-04,
         4.10849379e-04,  2.81448822e-04,  3.11683866e-04,
         1.15810255e-04,  4.04549557e-04,  1.91660586e-04,
         3.52488338e-04,  1.76912721e-04,  2.98396122e-04],
       [-2.32291143e-04, -3.37884372e-04,  2.81456903e-04,
        -1.81481223e-04,  5.44344489e-04,  2.45732251e-03,
         1.11471246e-03,  7.27318994e-04,  8.33241891e-04,
         2.10408519e-04,  1.21126013e-03,  3.52488338e-04,
         9.79774210e-04,  3.75057426e-04,  8.34133464e-04],
       [ 1.41320694e-03,  1.34724562e-03,  1.81066278e-03,
         6.21650502e-04,  5.68277396e-04,  5.49823441e-04,
         2.48644794e-04,  7.50113849e-04,  2.41375459e-04,
         3.96162179e-05,  5.32119297e-04,  1.76912721e-04,
         3.75057426e-04,  1.56176165e-03,  1.00342422e-03],
       [ 2.41336598e-03,  2.41367381e-03,  2.32369151e-03,
         8.03174149e-04,  1.14348296e-04,  1.80722847e-03,
         7.28131362e-04,  1.74678016e-03,  6.86767174e-04,
         1.26627048e-04,  1.23203704e-03,  2.98396122e-04,
         8.34133464e-04,  1.00342422e-03,  2.30627277e-03]]), 'var': array([0.01484772, 0.01625986, 0.03378739, 0.01367165, 0.0200924 ,
       0.00912021, 0.00161257, 0.00161548, 0.00108749, 0.00032803,
       0.00174165, 0.00019166, 0.00097977, 0.00156176, 0.00230627]), 'std': array([0.12185122, 0.12751415, 0.18381346, 0.11692581, 0.14174765,
       0.09549977, 0.04015686, 0.04019307, 0.0329771 , 0.01811151,
       0.04173306, 0.01384415, 0.03130135, 0.03951913, 0.04802367])}
2018-07-05 22:48:26,066 INFO solve_frontier finished!
2018-07-05 22:48:26,127 INFO Could not load matplotlib icon: can't use "pyimage19" as iconphoto: not a photo image
2018-07-05 22:48:26,142 INFO efficient_frontier finished!
2018-07-05 22:48:26,152 INFO solve_weights finished!
2018-07-05 22:48:26,218 INFO Could not load matplotlib icon: can't use "pyimage28" as iconphoto: not a photo image
2018-07-05 22:48:26,245 INFO efficient_frontier finished!
2018-07-05 22:48:26,304 INFO Markowitz_model: tangent_weights is [6.59741246e-02 3.94070397e-11 3.65893466e-03 1.47562889e-01
 1.42063059e-02 0.00000000e+00 1.59779256e-11 4.02111281e-11
 9.32017923e-12 5.65606487e-01 1.48955889e-11 2.02991259e-01
 2.45808223e-11 2.79068742e-11 4.48632791e-11]
2018-07-05 22:48:26,309 INFO Markowitz_model: weights is {'SPY': 0.0659741245720609, 'FEZ': 3.940703966653207e-11, 'ASHR': 0.003658934656554715, 'DBC': 0.14756288862237626, 'DBV': 0.014206305901344004, 'TLT': 0.0, 'IEF': 1.5977925555561396e-11, 'VWOB': 4.0211128066660845e-11, 'TIP': 9.320179234210836e-12, 'VTIP': 0.5656064870815067, 'LQD': 1.4895588908008234e-11, 'VCSH': 0.20299125901492235, 'VCIT': 2.4580822325016508e-11, 'CEMB': 2.790687422585721e-11, 'EMB': 4.486327912548941e-11}
2018-07-05 22:48:26,310 INFO Markowitz_model: sum of weights is 1.0000000000659277
2018-07-05 22:48:26,311 INFO Markowitz_model finished successfully
2018-07-05 22:48:26,332 INFO solve_weights finished!
2018-07-05 22:48:26,348 INFO solve_weights finished!
2018-07-05 22:48:26,349 INFO BlackLitterman_model: weights: weights is {'SPY': 0.06332624189997249, 'FEZ': 0.0, 'ASHR': 0.003136402812234493, 'DBC': 0.012189083283716916, 'DBV': 0.017008878002837916, 'TLT': 0.0, 'IEF': 0.0, 'VWOB': 0.0, 'TIP': 0.0, 'VTIP': 0.17239392709395035, 'LQD': 0.0, 'VCSH': 0.7174569977802419, 'VCIT': 0.0, 'CEMB': 0.01448846912914909, 'EMB': 0.0}
2018-07-05 22:48:26,349 INFO BlackLitterman_model: sum of weights is 1.0000000000021032
2018-07-05 22:48:26,350 INFO BlackLitterman_model finished successfully!
2018-07-05 22:48:26,359 INFO solve_weights_assetinclass finished successfully!
2018-07-05 22:48:26,360 INFO W_assetinclass is {'Equity': {'SPY': 0.4250621010915662, 'FEZ': 0.38814621643059866, 'ASHR': 0.18679168247783506}, 'Commodity': {'DBC': 0.5950826883910972, 'DBV': 0.40491731160890276}, 'Nominal Bond': {'TLT': 0.08129299835492955, 'IEF': 0.4597675077773825, 'VWOB': 0.4589394938676879}, 'IL Bond': {'TIP': 0.23173670046585307, 'VTIP': 0.768263299534147}, 'Corporate Credit': {'LQD': 0.08428326560907828, 'VCSH': 0.765894647268993, 'VCIT': 0.14982208712192874}, 'EM Credit': {'CEMB': 0.5962389467508408, 'EMB': 0.4037610532491592}}
2018-07-05 22:48:26,361 INFO solve_weights_box finished successfully!
2018-07-05 22:48:26,362 INFO W_box is {'GR': {'Equity': 0.020729219539517552, 'Commodity': 0.024120608520280355, 'EM Credit': 0.17645635051869596, 'Corporate Credit': 0.7786938214215061}, 'GF': {'Nominal Bond': 0.46219172817963666, 'IL Bond': 0.5378082718203634}, 'IR': {'IL Bond': 0.09366760418830884, 'Commodity': 0.10899202487347252, 'EM Credit': 0.7973403709382187}, 'IF': {'Nominal Bond': 0.5378082718203634, 'Equity': 0.46219172817963666}}
2018-07-05 22:48:26,363 INFO solve_weights_env finished successfully!
2018-07-05 22:48:26,366 INFO W_env is {'GR': 0.3692473042859373, 'GF': 0.41399043906563177, 'IR': 0.16269565696619395, 'IF': 0.05406659968223695}
2018-07-05 22:48:26,367 INFO W_assetclass is {'Equity': 0.032643343578847926, 'Commodity': 0.026638998764715295, 'Nominal Bond': 0.22042042101989817, 'IL Bond': 0.23788679498390722, 'EM Credit': 0.19487984722862522, 'Corporate Credit': 0.2875305944240062}
2018-07-05 22:48:26,370 INFO solve_weights_asset finished successfully!
2018-07-05 22:48:26,371 INFO W_asset is {'SPY': 0.013875448208278986, 'FEZ': 0.0126703903017739, 'ASHR': 0.006097505068795038, 'DBC': 0.015852407000953896, 'DBV': 0.0107865917637614, 'TLT': 0.01791863692336346, 'IEF': 0.10134214763555996, 'VWOB': 0.10115963646097474, 'TIP': 0.05512710095396751, 'VTIP': 0.18275969402993972, 'LQD': 0.024234017460574676, 'VCSH': 0.22021814319541813, 'VCIT': 0.043078433768013416, 'CEMB': 0.11619495485456026, 'EMB': 0.07868489237406495}
2018-07-05 22:48:26,372 INFO RiskParity_model: weights is {'SPY': 0.013875448208278986, 'FEZ': 0.0126703903017739, 'ASHR': 0.006097505068795038, 'DBC': 0.015852407000953896, 'DBV': 0.0107865917637614, 'TLT': 0.01791863692336346, 'IEF': 0.10134214763555996, 'VWOB': 0.10115963646097474, 'TIP': 0.05512710095396751, 'VTIP': 0.18275969402993972, 'LQD': 0.024234017460574676, 'VCSH': 0.22021814319541813, 'VCIT': 0.043078433768013416, 'CEMB': 0.11619495485456026, 'EMB': 0.07868489237406495}
2018-07-05 22:48:26,374 INFO RiskParity_model: sum of weights is 1.0
2018-07-05 22:48:26,378 INFO RiskParity_model finished successfully
2018-07-05 22:48:26,493 INFO weights are respectively {'Markowitz': {'SPY': 0.0659741245720609, 'FEZ': 3.940703966653207e-11, 'ASHR': 0.003658934656554715, 'DBC': 0.14756288862237626, 'DBV': 0.014206305901344004, 'TLT': 0.0, 'IEF': 1.5977925555561396e-11, 'VWOB': 4.0211128066660845e-11, 'TIP': 9.320179234210836e-12, 'VTIP': 0.5656064870815067, 'LQD': 1.4895588908008234e-11, 'VCSH': 0.20299125901492235, 'VCIT': 2.4580822325016508e-11, 'CEMB': 2.790687422585721e-11, 'EMB': 4.486327912548941e-11}, 'Black Litterman': {'SPY': 0.06332624189997249, 'FEZ': 0.0, 'ASHR': 0.003136402812234493, 'DBC': 0.012189083283716916, 'DBV': 0.017008878002837916, 'TLT': 0.0, 'IEF': 0.0, 'VWOB': 0.0, 'TIP': 0.0, 'VTIP': 0.17239392709395035, 'LQD': 0.0, 'VCSH': 0.7174569977802419, 'VCIT': 0.0, 'CEMB': 0.01448846912914909, 'EMB': 0.0}, 'Risk Parity': {'SPY': 0.013875448208278986, 'FEZ': 0.0126703903017739, 'ASHR': 0.006097505068795038, 'DBC': 0.015852407000953896, 'DBV': 0.0107865917637614, 'TLT': 0.01791863692336346, 'IEF': 0.10134214763555996, 'VWOB': 0.10115963646097474, 'TIP': 0.05512710095396751, 'VTIP': 0.18275969402993972, 'LQD': 0.024234017460574676, 'VCSH': 0.22021814319541813, 'VCIT': 0.043078433768013416, 'CEMB': 0.11619495485456026, 'EMB': 0.07868489237406495}}
2018-07-05 22:48:26,494 INFO training session finished successfully!
2018-07-05 22:48:32,944 INFO backtesting: Backtesting finished successfully
2018-07-05 22:48:32,946 INFO testing session finished successfully!
2018-07-05 22:48:58,411 ERROR Unexpected error: (<class 'SystemExit'>, SystemExit(0,), <traceback object at 0x0BAE5DC8>)
