2018-04-29 23:31:38,720 INFO =================================================================================
2018-04-29 23:31:38,720 INFO Analyzing data for aggregate ['0312.csv', '0313.csv', '0314.csv', '0315.csv', '0316.csv', '0319.csv', '0320.csv', '0321.csv', '0322.csv']
2018-04-29 23:31:39,651 INFO winning rate: 0.601340033501
2018-04-29 23:31:39,651 INFO PnL avg: 0.375618290778
2018-04-29 23:31:39,687 INFO pnl ratio: 1.05308019435
2018-04-29 23:31:39,687 INFO hold_t_avg: 3560.32439978
2018-04-29 23:31:42,046 INFO =================================================================================
2018-04-29 23:31:42,046 INFO =================================================================================
2018-04-29 23:31:42,046 INFO Analyzing data for 0312.csv
2018-04-29 23:31:42,227 INFO Could not load matplotlib icon: can't use "pyimage10" as iconphoto: not a photo image
2018-04-29 23:31:42,289 INFO winning rate: 0.410377358491
2018-04-29 23:31:42,289 INFO PnL avg: -7.9310193797
2018-04-29 23:31:42,319 INFO pnl ratio: 0.310278000051
2018-04-29 23:31:42,319 INFO hold_t_avg: 2685.71226415
2018-04-29 23:31:42,779 INFO =================================================================================
2018-04-29 23:31:42,779 INFO =================================================================================
2018-04-29 23:31:42,779 INFO Analyzing data for 0313.csv
2018-04-29 23:31:42,944 INFO Could not load matplotlib icon: can't use "pyimage19" as iconphoto: not a photo image
2018-04-29 23:31:42,989 INFO winning rate: 0.649038461538
2018-04-29 23:31:42,989 INFO PnL avg: 0.247344321692
2018-04-29 23:31:43,019 INFO pnl ratio: 1.03587630516
2018-04-29 23:31:43,019 INFO hold_t_avg: 1794.23076923
2018-04-29 23:31:43,473 INFO =================================================================================
2018-04-29 23:31:43,473 INFO =================================================================================
2018-04-29 23:31:43,473 INFO Analyzing data for 0314.csv
2018-04-29 23:31:43,644 INFO Could not load matplotlib icon: can't use "pyimage28" as iconphoto: not a photo image
2018-04-29 23:31:43,822 INFO winning rate: 0.608695652174
2018-04-29 23:31:43,823 INFO PnL avg: 0.929485315181
2018-04-29 23:31:43,851 INFO pnl ratio: 1.14812652375
2018-04-29 23:31:43,851 INFO hold_t_avg: 2694.05797101
2018-04-29 23:31:44,302 INFO =================================================================================
2018-04-29 23:31:44,302 INFO =================================================================================
2018-04-29 23:31:44,302 INFO Analyzing data for 0315.csv
2018-04-29 23:31:44,454 INFO Could not load matplotlib icon: can't use "pyimage37" as iconphoto: not a photo image
2018-04-29 23:31:44,500 INFO winning rate: 0.67816091954
2018-04-29 23:31:44,500 INFO PnL avg: 4.21009624549
2018-04-29 23:31:44,529 INFO pnl ratio: 1.61775635115
2018-04-29 23:31:44,529 INFO hold_t_avg: 3165.79885057
2018-04-29 23:31:44,937 INFO =================================================================================
2018-04-29 23:31:44,937 INFO =================================================================================
2018-04-29 23:31:44,937 INFO Analyzing data for 0316.csv
2018-04-29 23:31:45,073 INFO Could not load matplotlib icon: can't use "pyimage46" as iconphoto: not a photo image
2018-04-29 23:31:45,117 INFO winning rate: 0.666666666667
2018-04-29 23:31:45,117 INFO PnL avg: 3.79024818594
2018-04-29 23:31:45,151 INFO pnl ratio: 1.66376148975
2018-04-29 23:31:45,151 INFO hold_t_avg: 3220.3877551
2018-04-29 23:31:45,533 INFO =================================================================================
2018-04-29 23:31:45,533 INFO =================================================================================
2018-04-29 23:31:45,533 INFO Analyzing data for 0319.csv
2018-04-29 23:31:45,674 INFO Could not load matplotlib icon: can't use "pyimage55" as iconphoto: not a photo image
2018-04-29 23:31:45,724 INFO winning rate: 0.612903225806
2018-04-29 23:31:45,726 INFO PnL avg: -0.14557138569
2018-04-29 23:31:45,934 INFO pnl ratio: 0.98067859475
2018-04-29 23:31:45,934 INFO hold_t_avg: 3356.70322581
2018-04-29 23:31:46,315 INFO =================================================================================
2018-04-29 23:31:46,316 INFO =================================================================================
2018-04-29 23:31:46,316 INFO Analyzing data for 0320.csv
2018-04-29 23:31:46,457 INFO Could not load matplotlib icon: can't use "pyimage64" as iconphoto: not a photo image
2018-04-29 23:31:46,502 INFO winning rate: 0.587878787879
2018-04-29 23:31:46,502 INFO PnL avg: 0.922164588614
2018-04-29 23:31:46,532 INFO pnl ratio: 1.13023939922
2018-04-29 23:31:46,532 INFO hold_t_avg: 2233.73333333
2018-04-29 23:31:46,937 INFO =================================================================================
2018-04-29 23:31:46,937 INFO =================================================================================
2018-04-29 23:31:46,937 INFO Analyzing data for 0321.csv
2018-04-29 23:31:47,085 INFO Could not load matplotlib icon: can't use "pyimage73" as iconphoto: not a photo image
2018-04-29 23:31:47,128 INFO winning rate: 0.612716763006
2018-04-29 23:31:47,128 INFO PnL avg: 2.60921194286
2018-04-29 23:31:47,161 INFO pnl ratio: 1.3671694995
2018-04-29 23:31:47,161 INFO hold_t_avg: 2419.24855491
2018-04-29 23:31:47,579 INFO =================================================================================
2018-04-29 23:31:47,581 INFO =================================================================================
2018-04-29 23:31:47,581 INFO Analyzing data for 0322.csv
2018-04-29 23:31:47,793 INFO Could not load matplotlib icon: can't use "pyimage82" as iconphoto: not a photo image
2018-04-29 23:31:47,838 INFO winning rate: 0.60396039604
2018-04-29 23:31:47,838 INFO PnL avg: 0.87284983643
2018-04-29 23:31:47,868 INFO pnl ratio: 1.13524754133
2018-04-29 23:31:47,868 INFO hold_t_avg: 1297.31353135
2018-04-29 23:31:48,624 INFO =================================================================================
2018-04-29 23:31:48,661 INFO Could not load matplotlib icon: can't use "pyimage91" as iconphoto: not a photo image
