2018-04-29 23:41:59,055 INFO =================================================================================
2018-04-29 23:41:59,055 INFO Analyzing data for aggregate ['0312.csv', '0313.csv', '0314.csv', '0315.csv', '0316.csv', '0319.csv', '0320.csv', '0321.csv', '0322.csv']
2018-04-29 23:41:59,976 INFO winning rate: 0.601340033501
2018-04-29 23:41:59,977 INFO PnL avg: 0.375618290778
2018-04-29 23:42:00,010 INFO pnl ratio: 1.05308019435
2018-04-29 23:42:00,012 INFO hold_t_avg: 3560.32439978
2018-04-29 23:42:02,397 INFO =================================================================================
2018-04-29 23:42:02,398 INFO =================================================================================
2018-04-29 23:42:02,398 INFO Analyzing data for 0312.csv
2018-04-29 23:42:02,568 INFO Could not load matplotlib icon: can't use "pyimage10" as iconphoto: not a photo image
2018-04-29 23:42:02,628 INFO winning rate: 0.410377358491
2018-04-29 23:42:02,628 INFO PnL avg: -7.9310193797
2018-04-29 23:42:02,657 INFO pnl ratio: 0.310278000051
2018-04-29 23:42:02,657 INFO hold_t_avg: 2685.71226415
2018-04-29 23:42:03,115 INFO =================================================================================
2018-04-29 23:42:03,115 INFO =================================================================================
2018-04-29 23:42:03,115 INFO Analyzing data for 0313.csv
2018-04-29 23:42:03,290 INFO Could not load matplotlib icon: can't use "pyimage19" as iconphoto: not a photo image
2018-04-29 23:42:03,335 INFO winning rate: 0.649038461538
2018-04-29 23:42:03,335 INFO PnL avg: 0.247344321692
2018-04-29 23:42:03,365 INFO pnl ratio: 1.03587630516
2018-04-29 23:42:03,365 INFO hold_t_avg: 1794.23076923
2018-04-29 23:42:03,815 INFO =================================================================================
2018-04-29 23:42:03,815 INFO =================================================================================
2018-04-29 23:42:03,815 INFO Analyzing data for 0314.csv
2018-04-29 23:42:03,986 INFO Could not load matplotlib icon: can't use "pyimage28" as iconphoto: not a photo image
2018-04-29 23:42:04,160 INFO winning rate: 0.608695652174
2018-04-29 23:42:04,160 INFO PnL avg: 0.929485315181
2018-04-29 23:42:04,196 INFO pnl ratio: 1.14812652375
2018-04-29 23:42:04,197 INFO hold_t_avg: 2694.05797101
2018-04-29 23:42:04,638 INFO =================================================================================
2018-04-29 23:42:04,638 INFO =================================================================================
2018-04-29 23:42:04,638 INFO Analyzing data for 0315.csv
2018-04-29 23:42:04,795 INFO Could not load matplotlib icon: can't use "pyimage37" as iconphoto: not a photo image
2018-04-29 23:42:04,839 INFO winning rate: 0.67816091954
2018-04-29 23:42:04,839 INFO PnL avg: 4.21009624549
2018-04-29 23:42:04,868 INFO pnl ratio: 1.61775635115
2018-04-29 23:42:04,868 INFO hold_t_avg: 3165.79885057
2018-04-29 23:42:05,276 INFO =================================================================================
2018-04-29 23:42:05,276 INFO =================================================================================
2018-04-29 23:42:05,276 INFO Analyzing data for 0316.csv
2018-04-29 23:42:05,415 INFO Could not load matplotlib icon: can't use "pyimage46" as iconphoto: not a photo image
2018-04-29 23:42:05,456 INFO winning rate: 0.666666666667
2018-04-29 23:42:05,457 INFO PnL avg: 3.79024818594
2018-04-29 23:42:05,490 INFO pnl ratio: 1.66376148975
2018-04-29 23:42:05,490 INFO hold_t_avg: 3220.3877551
2018-04-29 23:42:05,884 INFO =================================================================================
2018-04-29 23:42:05,885 INFO =================================================================================
2018-04-29 23:42:05,885 INFO Analyzing data for 0319.csv
2018-04-29 23:42:06,023 INFO Could not load matplotlib icon: can't use "pyimage55" as iconphoto: not a photo image
2018-04-29 23:42:06,250 INFO winning rate: 0.612903225806
2018-04-29 23:42:06,250 INFO PnL avg: -0.14557138569
2018-04-29 23:42:06,279 INFO pnl ratio: 0.98067859475
2018-04-29 23:42:06,279 INFO hold_t_avg: 3356.70322581
2018-04-29 23:42:06,665 INFO =================================================================================
2018-04-29 23:42:06,665 INFO =================================================================================
2018-04-29 23:42:06,665 INFO Analyzing data for 0320.csv
2018-04-29 23:42:06,819 INFO Could not load matplotlib icon: can't use "pyimage64" as iconphoto: not a photo image
2018-04-29 23:42:06,861 INFO winning rate: 0.587878787879
2018-04-29 23:42:06,861 INFO PnL avg: 0.922164588614
2018-04-29 23:42:06,891 INFO pnl ratio: 1.13023939922
2018-04-29 23:42:06,891 INFO hold_t_avg: 2233.73333333
2018-04-29 23:42:07,301 INFO =================================================================================
2018-04-29 23:42:07,302 INFO =================================================================================
2018-04-29 23:42:07,302 INFO Analyzing data for 0321.csv
2018-04-29 23:42:07,448 INFO Could not load matplotlib icon: can't use "pyimage73" as iconphoto: not a photo image
2018-04-29 23:42:07,493 INFO winning rate: 0.612716763006
2018-04-29 23:42:07,493 INFO PnL avg: 2.60921194286
2018-04-29 23:42:07,522 INFO pnl ratio: 1.3671694995
2018-04-29 23:42:07,522 INFO hold_t_avg: 2419.24855491
2018-04-29 23:42:07,946 INFO =================================================================================
2018-04-29 23:42:07,946 INFO =================================================================================
2018-04-29 23:42:07,946 INFO Analyzing data for 0322.csv
2018-04-29 23:42:08,154 INFO Could not load matplotlib icon: can't use "pyimage82" as iconphoto: not a photo image
2018-04-29 23:42:08,200 INFO winning rate: 0.60396039604
2018-04-29 23:42:08,200 INFO PnL avg: 0.87284983643
2018-04-29 23:42:08,451 INFO pnl ratio: 1.13524754133
2018-04-29 23:42:08,453 INFO hold_t_avg: 1297.31353135
2018-04-29 23:42:09,003 INFO =================================================================================
2018-04-29 23:42:09,040 INFO Could not load matplotlib icon: can't use "pyimage91" as iconphoto: not a photo image
