2018-04-29 23:25:01,677 INFO =================================================================================
2018-04-29 23:25:01,677 INFO Analyzing data for aggregate ['0312.csv', '0313.csv', '0314.csv', '0315.csv', '0316.csv', '0319.csv', '0320.csv', '0321.csv', '0322.csv']
2018-04-29 23:25:02,604 INFO winning rate: 0.601340033501
2018-04-29 23:25:02,604 INFO PnL avg: 0.375618290778
2018-04-29 23:25:02,634 INFO pnl ratio: 1.05308019435
2018-04-29 23:25:02,635 INFO hold_t_avg: 3560.32439978
2018-04-29 23:25:05,000 INFO =================================================================================
2018-04-29 23:25:05,000 INFO =================================================================================
2018-04-29 23:25:05,000 INFO Analyzing data for 0312.csv
2018-04-29 23:25:05,171 INFO Could not load matplotlib icon: can't use "pyimage10" as iconphoto: not a photo image
2018-04-29 23:25:05,237 INFO winning rate: 0.410377358491
2018-04-29 23:25:05,239 INFO PnL avg: -7.9310193797
2018-04-29 23:25:05,267 INFO pnl ratio: 0.310278000051
2018-04-29 23:25:05,267 INFO hold_t_avg: 2685.71226415
2018-04-29 23:25:05,736 INFO =================================================================================
2018-04-29 23:25:05,736 INFO =================================================================================
2018-04-29 23:25:05,736 INFO Analyzing data for 0313.csv
2018-04-29 23:25:05,920 INFO Could not load matplotlib icon: can't use "pyimage19" as iconphoto: not a photo image
2018-04-29 23:25:05,974 INFO winning rate: 0.649038461538
2018-04-29 23:25:05,974 INFO PnL avg: 0.247344321692
2018-04-29 23:25:06,006 INFO pnl ratio: 1.03587630516
2018-04-29 23:25:06,006 INFO hold_t_avg: 1794.23076923
2018-04-29 23:25:06,457 INFO =================================================================================
2018-04-29 23:25:06,457 INFO =================================================================================
2018-04-29 23:25:06,457 INFO Analyzing data for 0314.csv
2018-04-29 23:25:06,624 INFO Could not load matplotlib icon: can't use "pyimage28" as iconphoto: not a photo image
2018-04-29 23:25:06,806 INFO winning rate: 0.608695652174
2018-04-29 23:25:06,806 INFO PnL avg: 0.929485315181
2018-04-29 23:25:06,835 INFO pnl ratio: 1.14812652375
2018-04-29 23:25:06,836 INFO hold_t_avg: 2694.05797101
2018-04-29 23:25:07,296 INFO =================================================================================
2018-04-29 23:25:07,298 INFO =================================================================================
2018-04-29 23:25:07,298 INFO Analyzing data for 0315.csv
2018-04-29 23:25:07,456 INFO Could not load matplotlib icon: can't use "pyimage37" as iconphoto: not a photo image
2018-04-29 23:25:07,500 INFO winning rate: 0.67816091954
2018-04-29 23:25:07,502 INFO PnL avg: 4.21009624549
2018-04-29 23:25:07,530 INFO pnl ratio: 1.61775635115
2018-04-29 23:25:07,530 INFO hold_t_avg: 3165.79885057
2018-04-29 23:25:07,930 INFO =================================================================================
2018-04-29 23:25:07,930 INFO =================================================================================
2018-04-29 23:25:07,930 INFO Analyzing data for 0316.csv
2018-04-29 23:25:08,063 INFO Could not load matplotlib icon: can't use "pyimage46" as iconphoto: not a photo image
2018-04-29 23:25:08,107 INFO winning rate: 0.666666666667
2018-04-29 23:25:08,107 INFO PnL avg: 3.79024818594
2018-04-29 23:25:08,141 INFO pnl ratio: 1.66376148975
2018-04-29 23:25:08,141 INFO hold_t_avg: 3220.3877551
2018-04-29 23:25:08,522 INFO =================================================================================
2018-04-29 23:25:08,522 INFO =================================================================================
2018-04-29 23:25:08,522 INFO Analyzing data for 0319.csv
2018-04-29 23:25:08,664 INFO Could not load matplotlib icon: can't use "pyimage55" as iconphoto: not a photo image
2018-04-29 23:25:08,714 INFO winning rate: 0.612903225806
2018-04-29 23:25:08,716 INFO PnL avg: -0.14557138569
2018-04-29 23:25:08,920 INFO pnl ratio: 0.98067859475
2018-04-29 23:25:08,920 INFO hold_t_avg: 3356.70322581
2018-04-29 23:25:09,308 INFO =================================================================================
2018-04-29 23:25:09,308 INFO =================================================================================
2018-04-29 23:25:09,308 INFO Analyzing data for 0320.csv
2018-04-29 23:25:09,453 INFO Could not load matplotlib icon: can't use "pyimage64" as iconphoto: not a photo image
2018-04-29 23:25:09,500 INFO winning rate: 0.587878787879
2018-04-29 23:25:09,500 INFO PnL avg: 0.922164588614
2018-04-29 23:25:09,530 INFO pnl ratio: 1.13023939922
2018-04-29 23:25:09,530 INFO hold_t_avg: 2233.73333333
2018-04-29 23:25:09,930 INFO =================================================================================
2018-04-29 23:25:09,931 INFO =================================================================================
2018-04-29 23:25:09,931 INFO Analyzing data for 0321.csv
2018-04-29 23:25:10,086 INFO Could not load matplotlib icon: can't use "pyimage73" as iconphoto: not a photo image
2018-04-29 23:25:10,128 INFO winning rate: 0.612716763006
2018-04-29 23:25:10,128 INFO PnL avg: 2.60921194286
2018-04-29 23:25:10,163 INFO pnl ratio: 1.3671694995
2018-04-29 23:25:10,163 INFO hold_t_avg: 2419.24855491
2018-04-29 23:25:10,571 INFO =================================================================================
2018-04-29 23:25:10,571 INFO =================================================================================
2018-04-29 23:25:10,571 INFO Analyzing data for 0322.csv
2018-04-29 23:25:10,775 INFO Could not load matplotlib icon: can't use "pyimage82" as iconphoto: not a photo image
2018-04-29 23:25:10,819 INFO winning rate: 0.60396039604
2018-04-29 23:25:10,819 INFO PnL avg: 0.87284983643
2018-04-29 23:25:10,848 INFO pnl ratio: 1.13524754133
2018-04-29 23:25:10,848 INFO hold_t_avg: 1297.31353135
2018-04-29 23:25:11,601 INFO =================================================================================
2018-04-29 23:25:11,638 INFO Could not load matplotlib icon: can't use "pyimage91" as iconphoto: not a photo image
