2018-04-29 23:41:26,137 INFO =================================================================================
2018-04-29 23:41:26,137 INFO Analyzing data for aggregate ['0312.csv', '0313.csv', '0314.csv', '0315.csv', '0316.csv', '0319.csv', '0320.csv', '0321.csv', '0322.csv']
2018-04-29 23:41:27,059 INFO winning rate: 0.601340033501
2018-04-29 23:41:27,059 INFO PnL avg: 0.375618290778
2018-04-29 23:41:27,092 INFO pnl ratio: 1.05308019435
2018-04-29 23:41:27,092 INFO hold_t_avg: 3560.32439978
2018-04-29 23:41:29,555 INFO =================================================================================
2018-04-29 23:41:29,555 INFO =================================================================================
2018-04-29 23:41:29,555 INFO Analyzing data for 0312.csv
2018-04-29 23:41:29,740 INFO Could not load matplotlib icon: can't use "pyimage10" as iconphoto: not a photo image
2018-04-29 23:41:29,801 INFO winning rate: 0.410377358491
2018-04-29 23:41:29,801 INFO PnL avg: -7.9310193797
2018-04-29 23:41:29,829 INFO pnl ratio: 0.310278000051
2018-04-29 23:41:29,829 INFO hold_t_avg: 2685.71226415
2018-04-29 23:41:30,289 INFO =================================================================================
2018-04-29 23:41:30,289 INFO =================================================================================
2018-04-29 23:41:30,289 INFO Analyzing data for 0313.csv
2018-04-29 23:41:30,457 INFO Could not load matplotlib icon: can't use "pyimage19" as iconphoto: not a photo image
2018-04-29 23:41:30,502 INFO winning rate: 0.649038461538
2018-04-29 23:41:30,502 INFO PnL avg: 0.247344321692
2018-04-29 23:41:30,532 INFO pnl ratio: 1.03587630516
2018-04-29 23:41:30,533 INFO hold_t_avg: 1794.23076923
2018-04-29 23:41:30,989 INFO =================================================================================
2018-04-29 23:41:30,989 INFO =================================================================================
2018-04-29 23:41:30,989 INFO Analyzing data for 0314.csv
2018-04-29 23:41:31,167 INFO Could not load matplotlib icon: can't use "pyimage28" as iconphoto: not a photo image
2018-04-29 23:41:31,348 INFO winning rate: 0.608695652174
2018-04-29 23:41:31,348 INFO PnL avg: 0.929485315181
2018-04-29 23:41:31,377 INFO pnl ratio: 1.14812652375
2018-04-29 23:41:31,377 INFO hold_t_avg: 2694.05797101
2018-04-29 23:41:31,845 INFO =================================================================================
2018-04-29 23:41:31,845 INFO =================================================================================
2018-04-29 23:41:31,845 INFO Analyzing data for 0315.csv
2018-04-29 23:41:32,000 INFO Could not load matplotlib icon: can't use "pyimage37" as iconphoto: not a photo image
2018-04-29 23:41:32,043 INFO winning rate: 0.67816091954
2018-04-29 23:41:32,043 INFO PnL avg: 4.21009624549
2018-04-29 23:41:32,073 INFO pnl ratio: 1.61775635115
2018-04-29 23:41:32,073 INFO hold_t_avg: 3165.79885057
2018-04-29 23:41:32,493 INFO =================================================================================
2018-04-29 23:41:32,493 INFO =================================================================================
2018-04-29 23:41:32,493 INFO Analyzing data for 0316.csv
2018-04-29 23:41:32,631 INFO Could not load matplotlib icon: can't use "pyimage46" as iconphoto: not a photo image
2018-04-29 23:41:32,671 INFO winning rate: 0.666666666667
2018-04-29 23:41:32,671 INFO PnL avg: 3.79024818594
2018-04-29 23:41:32,714 INFO pnl ratio: 1.66376148975
2018-04-29 23:41:32,714 INFO hold_t_avg: 3220.3877551
2018-04-29 23:41:33,108 INFO =================================================================================
2018-04-29 23:41:33,108 INFO =================================================================================
2018-04-29 23:41:33,108 INFO Analyzing data for 0319.csv
2018-04-29 23:41:33,257 INFO Could not load matplotlib icon: can't use "pyimage55" as iconphoto: not a photo image
2018-04-29 23:41:33,482 INFO winning rate: 0.612903225806
2018-04-29 23:41:33,482 INFO PnL avg: -0.14557138569
2018-04-29 23:41:33,513 INFO pnl ratio: 0.98067859475
2018-04-29 23:41:33,513 INFO hold_t_avg: 3356.70322581
2018-04-29 23:41:33,908 INFO =================================================================================
2018-04-29 23:41:33,908 INFO =================================================================================
2018-04-29 23:41:33,908 INFO Analyzing data for 0320.csv
2018-04-29 23:41:34,052 INFO Could not load matplotlib icon: can't use "pyimage64" as iconphoto: not a photo image
2018-04-29 23:41:34,094 INFO winning rate: 0.587878787879
2018-04-29 23:41:34,094 INFO PnL avg: 0.922164588614
2018-04-29 23:41:34,125 INFO pnl ratio: 1.13023939922
2018-04-29 23:41:34,125 INFO hold_t_avg: 2233.73333333
2018-04-29 23:41:34,540 INFO =================================================================================
2018-04-29 23:41:34,540 INFO =================================================================================
2018-04-29 23:41:34,540 INFO Analyzing data for 0321.csv
2018-04-29 23:41:34,697 INFO Could not load matplotlib icon: can't use "pyimage73" as iconphoto: not a photo image
2018-04-29 23:41:34,744 INFO winning rate: 0.612716763006
2018-04-29 23:41:34,744 INFO PnL avg: 2.60921194286
2018-04-29 23:41:34,775 INFO pnl ratio: 1.3671694995
2018-04-29 23:41:34,776 INFO hold_t_avg: 2419.24855491
2018-04-29 23:41:35,207 INFO =================================================================================
2018-04-29 23:41:35,207 INFO =================================================================================
2018-04-29 23:41:35,207 INFO Analyzing data for 0322.csv
2018-04-29 23:41:35,408 INFO Could not load matplotlib icon: can't use "pyimage82" as iconphoto: not a photo image
2018-04-29 23:41:35,453 INFO winning rate: 0.60396039604
2018-04-29 23:41:35,453 INFO PnL avg: 0.87284983643
2018-04-29 23:41:35,707 INFO pnl ratio: 1.13524754133
2018-04-29 23:41:35,707 INFO hold_t_avg: 1297.31353135
2018-04-29 23:41:36,269 INFO =================================================================================
2018-04-29 23:41:36,309 INFO Could not load matplotlib icon: can't use "pyimage91" as iconphoto: not a photo image
