2018-04-29 23:40:18,654 INFO =================================================================================
2018-04-29 23:40:18,655 INFO Analyzing data for aggregate ['0312.csv', '0313.csv', '0314.csv', '0315.csv', '0316.csv', '0319.csv', '0320.csv', '0321.csv', '0322.csv']
2018-04-29 23:40:19,579 INFO winning rate: 0.601340033501
2018-04-29 23:40:19,579 INFO PnL avg: 0.375618290778
2018-04-29 23:40:19,612 INFO pnl ratio: 1.05308019435
2018-04-29 23:40:19,614 INFO hold_t_avg: 3560.32439978
2018-04-29 23:40:21,989 INFO =================================================================================
2018-04-29 23:40:21,990 INFO =================================================================================
2018-04-29 23:40:21,990 INFO Analyzing data for 0312.csv
2018-04-29 23:40:22,165 INFO Could not load matplotlib icon: can't use "pyimage10" as iconphoto: not a photo image
2018-04-29 23:40:22,233 INFO winning rate: 0.410377358491
2018-04-29 23:40:22,233 INFO PnL avg: -7.9310193797
2018-04-29 23:40:22,263 INFO pnl ratio: 0.310278000051
2018-04-29 23:40:22,263 INFO hold_t_avg: 2685.71226415
2018-04-29 23:40:22,714 INFO =================================================================================
2018-04-29 23:40:22,714 INFO =================================================================================
2018-04-29 23:40:22,714 INFO Analyzing data for 0313.csv
2018-04-29 23:40:22,885 INFO Could not load matplotlib icon: can't use "pyimage19" as iconphoto: not a photo image
2018-04-29 23:40:22,931 INFO winning rate: 0.649038461538
2018-04-29 23:40:22,931 INFO PnL avg: 0.247344321692
2018-04-29 23:40:22,964 INFO pnl ratio: 1.03587630516
2018-04-29 23:40:22,964 INFO hold_t_avg: 1794.23076923
2018-04-29 23:40:23,418 INFO =================================================================================
2018-04-29 23:40:23,418 INFO =================================================================================
2018-04-29 23:40:23,418 INFO Analyzing data for 0314.csv
2018-04-29 23:40:23,594 INFO Could not load matplotlib icon: can't use "pyimage28" as iconphoto: not a photo image
2018-04-29 23:40:23,775 INFO winning rate: 0.608695652174
2018-04-29 23:40:23,776 INFO PnL avg: 0.929485315181
2018-04-29 23:40:23,803 INFO pnl ratio: 1.14812652375
2018-04-29 23:40:23,803 INFO hold_t_avg: 2694.05797101
2018-04-29 23:40:24,247 INFO =================================================================================
2018-04-29 23:40:24,250 INFO =================================================================================
2018-04-29 23:40:24,250 INFO Analyzing data for 0315.csv
2018-04-29 23:40:24,398 INFO Could not load matplotlib icon: can't use "pyimage37" as iconphoto: not a photo image
2018-04-29 23:40:24,443 INFO winning rate: 0.67816091954
2018-04-29 23:40:24,443 INFO PnL avg: 4.21009624549
2018-04-29 23:40:24,473 INFO pnl ratio: 1.61775635115
2018-04-29 23:40:24,473 INFO hold_t_avg: 3165.79885057
2018-04-29 23:40:24,875 INFO =================================================================================
2018-04-29 23:40:24,875 INFO =================================================================================
2018-04-29 23:40:24,875 INFO Analyzing data for 0316.csv
2018-04-29 23:40:25,012 INFO Could not load matplotlib icon: can't use "pyimage46" as iconphoto: not a photo image
2018-04-29 23:40:25,052 INFO winning rate: 0.666666666667
2018-04-29 23:40:25,053 INFO PnL avg: 3.79024818594
2018-04-29 23:40:25,086 INFO pnl ratio: 1.66376148975
2018-04-29 23:40:25,088 INFO hold_t_avg: 3220.3877551
2018-04-29 23:40:25,473 INFO =================================================================================
2018-04-29 23:40:25,473 INFO =================================================================================
2018-04-29 23:40:25,473 INFO Analyzing data for 0319.csv
2018-04-29 23:40:25,612 INFO Could not load matplotlib icon: can't use "pyimage55" as iconphoto: not a photo image
2018-04-29 23:40:25,657 INFO winning rate: 0.612903225806
2018-04-29 23:40:25,657 INFO PnL avg: -0.14557138569
2018-04-29 23:40:25,868 INFO pnl ratio: 0.98067859475
2018-04-29 23:40:25,868 INFO hold_t_avg: 3356.70322581
2018-04-29 23:40:26,249 INFO =================================================================================
2018-04-29 23:40:26,249 INFO =================================================================================
2018-04-29 23:40:26,249 INFO Analyzing data for 0320.csv
2018-04-29 23:40:26,394 INFO Could not load matplotlib icon: can't use "pyimage64" as iconphoto: not a photo image
2018-04-29 23:40:26,437 INFO winning rate: 0.587878787879
2018-04-29 23:40:26,437 INFO PnL avg: 0.922164588614
2018-04-29 23:40:26,466 INFO pnl ratio: 1.13023939922
2018-04-29 23:40:26,466 INFO hold_t_avg: 2233.73333333
2018-04-29 23:40:26,868 INFO =================================================================================
2018-04-29 23:40:26,868 INFO =================================================================================
2018-04-29 23:40:26,868 INFO Analyzing data for 0321.csv
2018-04-29 23:40:27,016 INFO Could not load matplotlib icon: can't use "pyimage73" as iconphoto: not a photo image
2018-04-29 23:40:27,059 INFO winning rate: 0.612716763006
2018-04-29 23:40:27,059 INFO PnL avg: 2.60921194286
2018-04-29 23:40:27,092 INFO pnl ratio: 1.3671694995
2018-04-29 23:40:27,092 INFO hold_t_avg: 2419.24855491
2018-04-29 23:40:27,509 INFO =================================================================================
2018-04-29 23:40:27,509 INFO =================================================================================
2018-04-29 23:40:27,509 INFO Analyzing data for 0322.csv
2018-04-29 23:40:27,717 INFO Could not load matplotlib icon: can't use "pyimage82" as iconphoto: not a photo image
2018-04-29 23:40:27,763 INFO winning rate: 0.60396039604
2018-04-29 23:40:27,763 INFO PnL avg: 0.87284983643
2018-04-29 23:40:27,793 INFO pnl ratio: 1.13524754133
2018-04-29 23:40:27,793 INFO hold_t_avg: 1297.31353135
2018-04-29 23:40:28,549 INFO =================================================================================
2018-04-29 23:40:28,588 INFO Could not load matplotlib icon: can't use "pyimage91" as iconphoto: not a photo image
