2018-04-29 23:39:22,155 INFO =================================================================================
2018-04-29 23:39:22,155 INFO Analyzing data for aggregate ['0312.csv', '0313.csv', '0314.csv', '0315.csv', '0316.csv', '0319.csv', '0320.csv', '0321.csv', '0322.csv']
2018-04-29 23:39:23,069 INFO winning rate: 0.601340033501
2018-04-29 23:39:23,069 INFO PnL avg: 0.375618290778
2018-04-29 23:39:23,101 INFO pnl ratio: 1.05308019435
2018-04-29 23:39:23,102 INFO hold_t_avg: 3560.32439978
2018-04-29 23:39:25,526 INFO =================================================================================
2018-04-29 23:39:25,528 INFO =================================================================================
2018-04-29 23:39:25,528 INFO Analyzing data for 0312.csv
2018-04-29 23:39:25,703 INFO Could not load matplotlib icon: can't use "pyimage10" as iconphoto: not a photo image
2018-04-29 23:39:25,765 INFO winning rate: 0.410377358491
2018-04-29 23:39:25,765 INFO PnL avg: -7.9310193797
2018-04-29 23:39:25,795 INFO pnl ratio: 0.310278000051
2018-04-29 23:39:25,795 INFO hold_t_avg: 2685.71226415
2018-04-29 23:39:26,253 INFO =================================================================================
2018-04-29 23:39:26,253 INFO =================================================================================
2018-04-29 23:39:26,253 INFO Analyzing data for 0313.csv
2018-04-29 23:39:26,421 INFO Could not load matplotlib icon: can't use "pyimage19" as iconphoto: not a photo image
2018-04-29 23:39:26,470 INFO winning rate: 0.649038461538
2018-04-29 23:39:26,470 INFO PnL avg: 0.247344321692
2018-04-29 23:39:26,499 INFO pnl ratio: 1.03587630516
2018-04-29 23:39:26,499 INFO hold_t_avg: 1794.23076923
2018-04-29 23:39:26,947 INFO =================================================================================
2018-04-29 23:39:26,947 INFO =================================================================================
2018-04-29 23:39:26,947 INFO Analyzing data for 0314.csv
2018-04-29 23:39:27,125 INFO Could not load matplotlib icon: can't use "pyimage28" as iconphoto: not a photo image
2018-04-29 23:39:27,296 INFO winning rate: 0.608695652174
2018-04-29 23:39:27,296 INFO PnL avg: 0.929485315181
2018-04-29 23:39:27,323 INFO pnl ratio: 1.14812652375
2018-04-29 23:39:27,323 INFO hold_t_avg: 2694.05797101
2018-04-29 23:39:27,770 INFO =================================================================================
2018-04-29 23:39:27,770 INFO =================================================================================
2018-04-29 23:39:27,770 INFO Analyzing data for 0315.csv
2018-04-29 23:39:27,924 INFO Could not load matplotlib icon: can't use "pyimage37" as iconphoto: not a photo image
2018-04-29 23:39:27,970 INFO winning rate: 0.67816091954
2018-04-29 23:39:27,970 INFO PnL avg: 4.21009624549
2018-04-29 23:39:27,999 INFO pnl ratio: 1.61775635115
2018-04-29 23:39:28,000 INFO hold_t_avg: 3165.79885057
2018-04-29 23:39:28,404 INFO =================================================================================
2018-04-29 23:39:28,404 INFO =================================================================================
2018-04-29 23:39:28,404 INFO Analyzing data for 0316.csv
2018-04-29 23:39:28,545 INFO Could not load matplotlib icon: can't use "pyimage46" as iconphoto: not a photo image
2018-04-29 23:39:28,588 INFO winning rate: 0.666666666667
2018-04-29 23:39:28,589 INFO PnL avg: 3.79024818594
2018-04-29 23:39:28,622 INFO pnl ratio: 1.66376148975
2018-04-29 23:39:28,624 INFO hold_t_avg: 3220.3877551
2018-04-29 23:39:29,022 INFO =================================================================================
2018-04-29 23:39:29,022 INFO =================================================================================
2018-04-29 23:39:29,022 INFO Analyzing data for 0319.csv
2018-04-29 23:39:29,176 INFO Could not load matplotlib icon: can't use "pyimage55" as iconphoto: not a photo image
2018-04-29 23:39:29,220 INFO winning rate: 0.612903225806
2018-04-29 23:39:29,221 INFO PnL avg: -0.14557138569
2018-04-29 23:39:29,437 INFO pnl ratio: 0.98067859475
2018-04-29 23:39:29,437 INFO hold_t_avg: 3356.70322581
2018-04-29 23:39:29,838 INFO =================================================================================
2018-04-29 23:39:29,838 INFO =================================================================================
2018-04-29 23:39:29,838 INFO Analyzing data for 0320.csv
2018-04-29 23:39:29,984 INFO Could not load matplotlib icon: can't use "pyimage64" as iconphoto: not a photo image
2018-04-29 23:39:30,030 INFO winning rate: 0.587878787879
2018-04-29 23:39:30,030 INFO PnL avg: 0.922164588614
2018-04-29 23:39:30,059 INFO pnl ratio: 1.13023939922
2018-04-29 23:39:30,061 INFO hold_t_avg: 2233.73333333
2018-04-29 23:39:30,471 INFO =================================================================================
2018-04-29 23:39:30,473 INFO =================================================================================
2018-04-29 23:39:30,473 INFO Analyzing data for 0321.csv
2018-04-29 23:39:30,637 INFO Could not load matplotlib icon: can't use "pyimage73" as iconphoto: not a photo image
2018-04-29 23:39:30,683 INFO winning rate: 0.612716763006
2018-04-29 23:39:30,683 INFO PnL avg: 2.60921194286
2018-04-29 23:39:30,719 INFO pnl ratio: 1.3671694995
2018-04-29 23:39:30,719 INFO hold_t_avg: 2419.24855491
2018-04-29 23:39:31,154 INFO =================================================================================
2018-04-29 23:39:31,154 INFO =================================================================================
2018-04-29 23:39:31,154 INFO Analyzing data for 0322.csv
2018-04-29 23:39:31,385 INFO Could not load matplotlib icon: can't use "pyimage82" as iconphoto: not a photo image
2018-04-29 23:39:31,436 INFO winning rate: 0.60396039604
2018-04-29 23:39:31,436 INFO PnL avg: 0.87284983643
2018-04-29 23:39:31,467 INFO pnl ratio: 1.13524754133
2018-04-29 23:39:31,467 INFO hold_t_avg: 1297.31353135
2018-04-29 23:39:32,234 INFO =================================================================================
2018-04-29 23:39:32,273 INFO Could not load matplotlib icon: can't use "pyimage91" as iconphoto: not a photo image
